2025-02-03T00:00:00.130-05:00  INFO 28804 --- [main] o.s.b.w.embedded.tomcat.TomcatWebServer  : Tomcat started on port 8080 (http) with context path '/'
2025-02-03T00:00:00.157-05:00  INFO 28804 --- [main] c.e.assignment.AssignmentApplication     : Started AssignmentApplication in 4.463 seconds (process running for 4.848)
2025-02-03T00:03:40.335-05:00  INFO 45552 --- [main] c.e.assignment.AssignmentApplication     : Starting AssignmentApplication using Java 21.0.1 with PID 45552 (C:\Users\rushi\OneDrive\Documents\Assignment\assignment\assignment\target\classes started by rushi in C:\Users\rushi\OneDrive\Documents\Assignment\assignment\assignment)
2025-02-03T00:03:40.338-05:00  INFO 45552 --- [main] c.e.assignment.AssignmentApplication     : No active profile set, falling back to 1 default profile: "default"
2025-02-03T00:03:41.217-05:00  INFO 45552 --- [main] .s.d.r.c.RepositoryConfigurationDelegate : Bootstrapping Spring Data JPA repositories in DEFAULT mode.
2025-02-03T00:03:41.266-05:00  INFO 45552 --- [main] .s.d.r.c.RepositoryConfigurationDelegate : Finished Spring Data repository scanning in 27 ms. Found 0 JPA repository interfaces.
2025-02-03T00:03:41.968-05:00  INFO 45552 --- [main] o.s.b.w.embedded.tomcat.TomcatWebServer  : Tomcat initialized with port 8080 (http)
2025-02-03T00:03:41.985-05:00  INFO 45552 --- [main] o.apache.catalina.core.StandardService   : Starting service [Tomcat]
2025-02-03T00:03:41.986-05:00  INFO 45552 --- [main] o.apache.catalina.core.StandardEngine    : Starting Servlet engine: [Apache Tomcat/10.1.34]
2025-02-03T00:03:42.093-05:00  INFO 45552 --- [main] o.a.c.c.C.[Tomcat].[localhost].[/]       : Initializing Spring embedded WebApplicationContext
2025-02-03T00:03:42.093-05:00  INFO 45552 --- [main] w.s.c.ServletWebServerApplicationContext : Root WebApplicationContext: initialization completed in 1696 ms
2025-02-03T00:03:42.407-05:00  INFO 45552 --- [main] o.hibernate.jpa.internal.util.LogHelper  : HHH000204: Processing PersistenceUnitInfo [name: default]
2025-02-03T00:03:42.541-05:00  INFO 45552 --- [main] org.hibernate.Version                    : HHH000412: Hibernate ORM core version 6.6.5.Final
2025-02-03T00:03:42.577-05:00  INFO 45552 --- [main] o.h.c.internal.RegionFactoryInitiator    : HHH000026: Second-level cache disabled
2025-02-03T00:03:42.896-05:00  INFO 45552 --- [main] o.s.o.j.p.SpringPersistenceUnitInfo      : No LoadTimeWeaver setup: ignoring JPA class transformer
2025-02-03T00:03:42.935-05:00  INFO 45552 --- [main] com.zaxxer.hikari.HikariDataSource       : HikariCP - Starting...
2025-02-03T00:03:43.429-05:00  INFO 45552 --- [main] com.zaxxer.hikari.pool.HikariPool        : HikariCP - Added connection com.mysql.cj.jdbc.ConnectionImpl@16b64a03
2025-02-03T00:03:43.432-05:00  INFO 45552 --- [main] com.zaxxer.hikari.HikariDataSource       : HikariCP - Start completed.
2025-02-03T00:03:43.495-05:00  WARN 45552 --- [main] org.hibernate.orm.deprecation            : HHH90000025: MySQLDialect does not need to be specified explicitly using 'hibernate.dialect' (remove the property setting and it will be selected by default)
2025-02-03T00:03:43.516-05:00  INFO 45552 --- [main] org.hibernate.orm.connections.pooling    : HHH10001005: Database info:
	Database JDBC URL [Connecting through datasource 'HikariDataSource (HikariCP)']
	Database driver: undefined/unknown
	Database version: 9.1
	Autocommit mode: undefined/unknown
	Isolation level: undefined/unknown
	Minimum pool size: undefined/unknown
	Maximum pool size: undefined/unknown
2025-02-03T00:03:43.879-05:00  INFO 45552 --- [main] o.h.e.t.j.p.i.JtaPlatformInitiator       : HHH000489: No JTA platform available (set 'hibernate.transaction.jta.platform' to enable JTA platform integration)
2025-02-03T00:03:43.883-05:00  INFO 45552 --- [main] j.LocalContainerEntityManagerFactoryBean : Initialized JPA EntityManagerFactory for persistence unit 'default'
2025-02-03T00:03:43.930-05:00  WARN 45552 --- [main] JpaBaseConfiguration$JpaWebConfiguration : spring.jpa.open-in-view is enabled by default. Therefore, database queries may be performed during view rendering. Explicitly configure spring.jpa.open-in-view to disable this warning
2025-02-03T00:03:44.117-05:00 DEBUG 45552 --- [main] s.w.s.m.m.a.RequestMappingHandlerMapping : 2 mappings in 'requestMappingHandlerMapping'
2025-02-03T00:03:44.249-05:00 DEBUG 45552 --- [main] o.s.w.s.handler.SimpleUrlHandlerMapping  : Patterns [/webjars/**, /**] in 'resourceHandlerMapping'
2025-02-03T00:03:44.314-05:00 DEBUG 45552 --- [main] s.w.s.m.m.a.RequestMappingHandlerAdapter : ControllerAdvice beans: 0 @ModelAttribute, 0 @InitBinder, 1 RequestBodyAdvice, 1 ResponseBodyAdvice
2025-02-03T00:03:44.397-05:00 DEBUG 45552 --- [main] .m.m.a.ExceptionHandlerExceptionResolver : ControllerAdvice beans: 0 @ExceptionHandler, 1 ResponseBodyAdvice
2025-02-03T00:03:44.619-05:00  INFO 45552 --- [main] o.s.b.w.embedded.tomcat.TomcatWebServer  : Tomcat started on port 8080 (http) with context path '/'
2025-02-03T00:03:44.633-05:00  INFO 45552 --- [main] c.e.assignment.AssignmentApplication     : Started AssignmentApplication in 4.851 seconds (process running for 5.237)
2025-02-03T00:04:05.962-05:00  INFO 45552 --- [http-nio-8080-exec-3] o.a.c.c.C.[Tomcat].[localhost].[/]       : Initializing Spring DispatcherServlet 'dispatcherServlet'
2025-02-03T00:04:05.962-05:00  INFO 45552 --- [http-nio-8080-exec-3] o.s.web.servlet.DispatcherServlet        : Initializing Servlet 'dispatcherServlet'
2025-02-03T00:04:05.963-05:00 DEBUG 45552 --- [http-nio-8080-exec-3] o.s.web.servlet.DispatcherServlet        : Detected StandardServletMultipartResolver
2025-02-03T00:04:05.963-05:00 DEBUG 45552 --- [http-nio-8080-exec-3] o.s.web.servlet.DispatcherServlet        : Detected AcceptHeaderLocaleResolver
2025-02-03T00:04:05.964-05:00 DEBUG 45552 --- [http-nio-8080-exec-3] o.s.web.servlet.DispatcherServlet        : Detected FixedThemeResolver
2025-02-03T00:04:05.966-05:00 DEBUG 45552 --- [http-nio-8080-exec-3] o.s.web.servlet.DispatcherServlet        : Detected org.springframework.web.servlet.view.DefaultRequestToViewNameTranslator@5b64f771
2025-02-03T00:04:05.966-05:00 DEBUG 45552 --- [http-nio-8080-exec-3] o.s.web.servlet.DispatcherServlet        : Detected org.springframework.web.servlet.support.SessionFlashMapManager@29532e91
2025-02-03T00:04:05.967-05:00 DEBUG 45552 --- [http-nio-8080-exec-3] o.s.web.servlet.DispatcherServlet        : enableLoggingRequestDetails='false': request parameters and headers will be masked to prevent unsafe logging of potentially sensitive data
2025-02-03T00:04:05.967-05:00  INFO 45552 --- [http-nio-8080-exec-3] o.s.web.servlet.DispatcherServlet        : Completed initialization in 4 ms
2025-02-03T00:04:05.979-05:00 DEBUG 45552 --- [http-nio-8080-exec-3] o.s.web.servlet.DispatcherServlet        : POST "/api/users", parameters={}
2025-02-03T00:04:06.001-05:00 DEBUG 45552 --- [http-nio-8080-exec-3] o.s.w.s.handler.SimpleUrlHandlerMapping  : Mapped to ResourceHttpRequestHandler [classpath [META-INF/resources/], classpath [resources/], classpath [static/], classpath [public/], ServletContext [/]]
2025-02-03T00:04:06.084-05:00 DEBUG 45552 --- [http-nio-8080-exec-3] o.s.w.s.r.ResourceHttpRequestHandler     : Resource not found
2025-02-03T00:04:06.095-05:00 DEBUG 45552 --- [http-nio-8080-exec-3] .w.s.m.s.DefaultHandlerExceptionResolver : Resolved [org.springframework.web.servlet.resource.NoResourceFoundException: No static resource api/users.]
2025-02-03T00:04:06.099-05:00 DEBUG 45552 --- [http-nio-8080-exec-3] o.s.web.servlet.DispatcherServlet        : Completed 404 NOT_FOUND
2025-02-03T00:04:06.111-05:00 DEBUG 45552 --- [http-nio-8080-exec-3] o.s.web.servlet.DispatcherServlet        : "ERROR" dispatch for POST "/error", parameters={}
2025-02-03T00:04:06.114-05:00 DEBUG 45552 --- [http-nio-8080-exec-3] s.w.s.m.m.a.RequestMappingHandlerMapping : Mapped to org.springframework.boot.autoconfigure.web.servlet.error.BasicErrorController#error(HttpServletRequest)
2025-02-03T00:04:06.166-05:00 DEBUG 45552 --- [http-nio-8080-exec-3] o.s.w.s.m.m.a.HttpEntityMethodProcessor  : Using 'application/json', given [*/*] and supported [application/json, application/*+json]
2025-02-03T00:04:06.170-05:00 DEBUG 45552 --- [http-nio-8080-exec-3] o.s.w.s.m.m.a.HttpEntityMethodProcessor  : Writing [{timestamp=Mon Feb 03 00:04:06 EST 2025, status=404, error=Not Found, path=/api/users}]
2025-02-03T00:04:06.240-05:00 DEBUG 45552 --- [http-nio-8080-exec-3] o.s.web.servlet.DispatcherServlet        : Exiting from "ERROR" dispatch, status 404
2025-02-03T00:12:38.539-05:00  INFO 33236 --- [main] c.e.assignment.AssignmentApplication     : Starting AssignmentApplication using Java 21.0.1 with PID 33236 (C:\Users\rushi\OneDrive\Documents\Assignment\assignment\assignment\target\classes started by rushi in C:\Users\rushi\OneDrive\Documents\Assignment\assignment\assignment)
2025-02-03T00:12:38.542-05:00  INFO 33236 --- [main] c.e.assignment.AssignmentApplication     : No active profile set, falling back to 1 default profile: "default"
2025-02-03T00:12:39.448-05:00  INFO 33236 --- [main] .s.d.r.c.RepositoryConfigurationDelegate : Bootstrapping Spring Data JPA repositories in DEFAULT mode.
2025-02-03T00:12:39.554-05:00  INFO 33236 --- [main] .s.d.r.c.RepositoryConfigurationDelegate : Finished Spring Data repository scanning in 74 ms. Found 1 JPA repository interface.
2025-02-03T00:12:40.247-05:00  INFO 33236 --- [main] o.s.b.w.embedded.tomcat.TomcatWebServer  : Tomcat initialized with port 8080 (http)
2025-02-03T00:12:40.261-05:00  INFO 33236 --- [main] o.apache.catalina.core.StandardService   : Starting service [Tomcat]
2025-02-03T00:12:40.261-05:00  INFO 33236 --- [main] o.apache.catalina.core.StandardEngine    : Starting Servlet engine: [Apache Tomcat/10.1.34]
2025-02-03T00:12:40.321-05:00  INFO 33236 --- [main] o.a.c.c.C.[Tomcat].[localhost].[/]       : Initializing Spring embedded WebApplicationContext
2025-02-03T00:12:40.322-05:00  INFO 33236 --- [main] w.s.c.ServletWebServerApplicationContext : Root WebApplicationContext: initialization completed in 1710 ms
2025-02-03T00:12:40.605-05:00  INFO 33236 --- [main] o.hibernate.jpa.internal.util.LogHelper  : HHH000204: Processing PersistenceUnitInfo [name: default]
2025-02-03T00:12:40.727-05:00  INFO 33236 --- [main] org.hibernate.Version                    : HHH000412: Hibernate ORM core version 6.6.5.Final
2025-02-03T00:12:40.765-05:00  INFO 33236 --- [main] o.h.c.internal.RegionFactoryInitiator    : HHH000026: Second-level cache disabled
2025-02-03T00:12:41.095-05:00  INFO 33236 --- [main] o.s.o.j.p.SpringPersistenceUnitInfo      : No LoadTimeWeaver setup: ignoring JPA class transformer
2025-02-03T00:12:41.139-05:00  INFO 33236 --- [main] com.zaxxer.hikari.HikariDataSource       : HikariCP - Starting...
2025-02-03T00:12:41.558-05:00  INFO 33236 --- [main] com.zaxxer.hikari.pool.HikariPool        : HikariCP - Added connection com.mysql.cj.jdbc.ConnectionImpl@3b362f1
2025-02-03T00:12:41.560-05:00  INFO 33236 --- [main] com.zaxxer.hikari.HikariDataSource       : HikariCP - Start completed.
2025-02-03T00:12:41.625-05:00  WARN 33236 --- [main] org.hibernate.orm.deprecation            : HHH90000025: MySQLDialect does not need to be specified explicitly using 'hibernate.dialect' (remove the property setting and it will be selected by default)
2025-02-03T00:12:41.647-05:00  INFO 33236 --- [main] org.hibernate.orm.connections.pooling    : HHH10001005: Database info:
	Database JDBC URL [Connecting through datasource 'HikariDataSource (HikariCP)']
	Database driver: undefined/unknown
	Database version: 9.1
	Autocommit mode: undefined/unknown
	Isolation level: undefined/unknown
	Minimum pool size: undefined/unknown
	Maximum pool size: undefined/unknown
2025-02-03T00:12:42.419-05:00  INFO 33236 --- [main] o.h.e.t.j.p.i.JtaPlatformInitiator       : HHH000489: No JTA platform available (set 'hibernate.transaction.jta.platform' to enable JTA platform integration)
2025-02-03T00:12:42.516-05:00  INFO 33236 --- [main] j.LocalContainerEntityManagerFactoryBean : Initialized JPA EntityManagerFactory for persistence unit 'default'
2025-02-03T00:12:42.987-05:00  WARN 33236 --- [main] JpaBaseConfiguration$JpaWebConfiguration : spring.jpa.open-in-view is enabled by default. Therefore, database queries may be performed during view rendering. Explicitly configure spring.jpa.open-in-view to disable this warning
2025-02-03T00:12:43.185-05:00 DEBUG 33236 --- [main] s.w.s.m.m.a.RequestMappingHandlerMapping : 5 mappings in 'requestMappingHandlerMapping'
2025-02-03T00:12:43.335-05:00 DEBUG 33236 --- [main] o.s.w.s.handler.SimpleUrlHandlerMapping  : Patterns [/webjars/**, /**] in 'resourceHandlerMapping'
2025-02-03T00:12:43.392-05:00 DEBUG 33236 --- [main] s.w.s.m.m.a.RequestMappingHandlerAdapter : ControllerAdvice beans: 0 @ModelAttribute, 0 @InitBinder, 1 RequestBodyAdvice, 1 ResponseBodyAdvice
2025-02-03T00:12:43.482-05:00 DEBUG 33236 --- [main] .m.m.a.ExceptionHandlerExceptionResolver : ControllerAdvice beans: 0 @ExceptionHandler, 1 ResponseBodyAdvice
2025-02-03T00:12:43.663-05:00  INFO 33236 --- [main] o.s.b.w.embedded.tomcat.TomcatWebServer  : Tomcat started on port 8080 (http) with context path '/'
2025-02-03T00:12:43.679-05:00  INFO 33236 --- [main] c.e.assignment.AssignmentApplication     : Started AssignmentApplication in 5.674 seconds (process running for 6.14)
2025-02-03T00:12:48.313-05:00  INFO 33236 --- [http-nio-8080-exec-2] o.a.c.c.C.[Tomcat].[localhost].[/]       : Initializing Spring DispatcherServlet 'dispatcherServlet'
2025-02-03T00:12:48.313-05:00  INFO 33236 --- [http-nio-8080-exec-2] o.s.web.servlet.DispatcherServlet        : Initializing Servlet 'dispatcherServlet'
2025-02-03T00:12:48.314-05:00 DEBUG 33236 --- [http-nio-8080-exec-2] o.s.web.servlet.DispatcherServlet        : Detected StandardServletMultipartResolver
2025-02-03T00:12:48.314-05:00 DEBUG 33236 --- [http-nio-8080-exec-2] o.s.web.servlet.DispatcherServlet        : Detected AcceptHeaderLocaleResolver
2025-02-03T00:12:48.315-05:00 DEBUG 33236 --- [http-nio-8080-exec-2] o.s.web.servlet.DispatcherServlet        : Detected FixedThemeResolver
2025-02-03T00:12:48.317-05:00 DEBUG 33236 --- [http-nio-8080-exec-2] o.s.web.servlet.DispatcherServlet        : Detected org.springframework.web.servlet.view.DefaultRequestToViewNameTranslator@1b984ba5
2025-02-03T00:12:48.317-05:00 DEBUG 33236 --- [http-nio-8080-exec-2] o.s.web.servlet.DispatcherServlet        : Detected org.springframework.web.servlet.support.SessionFlashMapManager@60688a97
2025-02-03T00:12:48.318-05:00 DEBUG 33236 --- [http-nio-8080-exec-2] o.s.web.servlet.DispatcherServlet        : enableLoggingRequestDetails='false': request parameters and headers will be masked to prevent unsafe logging of potentially sensitive data
2025-02-03T00:12:48.318-05:00  INFO 33236 --- [http-nio-8080-exec-2] o.s.web.servlet.DispatcherServlet        : Completed initialization in 4 ms
2025-02-03T00:12:48.332-05:00 DEBUG 33236 --- [http-nio-8080-exec-2] o.s.web.servlet.DispatcherServlet        : POST "/api/users", parameters={}
2025-02-03T00:12:48.348-05:00 DEBUG 33236 --- [http-nio-8080-exec-2] s.w.s.m.m.a.RequestMappingHandlerMapping : Mapped to com.example.assignment.controller.UserController#createUser(User)
2025-02-03T00:12:48.464-05:00 DEBUG 33236 --- [http-nio-8080-exec-2] m.m.a.RequestResponseBodyMethodProcessor : Read "application/json;charset=UTF-8" to [com.example.assignment.model.User@69913b55]
2025-02-03T00:12:48.589-05:00 DEBUG 33236 --- [http-nio-8080-exec-2] m.m.a.RequestResponseBodyMethodProcessor : Using 'application/json', given [*/*] and supported [application/json, application/*+json]
2025-02-03T00:12:48.590-05:00 DEBUG 33236 --- [http-nio-8080-exec-2] m.m.a.RequestResponseBodyMethodProcessor : Writing [com.example.assignment.model.User@69913b55]
2025-02-03T00:12:48.603-05:00 DEBUG 33236 --- [http-nio-8080-exec-2] o.s.web.servlet.DispatcherServlet        : Completed 200 OK
2025-02-03T00:22:07.974-05:00  INFO 7552 --- [main] c.e.assignment.AssignmentApplication     : Starting AssignmentApplication using Java 21.0.1 with PID 7552 (C:\Users\rushi\OneDrive\Documents\Assignment\assignment\assignment\target\classes started by rushi in C:\Users\rushi\OneDrive\Documents\Assignment\assignment\assignment)
2025-02-03T00:22:07.977-05:00  INFO 7552 --- [main] c.e.assignment.AssignmentApplication     : No active profile set, falling back to 1 default profile: "default"
2025-02-03T00:22:08.858-05:00  INFO 7552 --- [main] .s.d.r.c.RepositoryConfigurationDelegate : Bootstrapping Spring Data JPA repositories in DEFAULT mode.
2025-02-03T00:22:08.932-05:00  INFO 7552 --- [main] .s.d.r.c.RepositoryConfigurationDelegate : Finished Spring Data repository scanning in 56 ms. Found 1 JPA repository interface.
2025-02-03T00:22:09.881-05:00  INFO 7552 --- [main] o.s.b.w.embedded.tomcat.TomcatWebServer  : Tomcat initialized with port 8080 (http)
2025-02-03T00:22:09.897-05:00  INFO 7552 --- [main] o.apache.catalina.core.StandardService   : Starting service [Tomcat]
2025-02-03T00:22:09.898-05:00  INFO 7552 --- [main] o.apache.catalina.core.StandardEngine    : Starting Servlet engine: [Apache Tomcat/10.1.34]
2025-02-03T00:22:09.978-05:00  INFO 7552 --- [main] o.a.c.c.C.[Tomcat].[localhost].[/]       : Initializing Spring embedded WebApplicationContext
2025-02-03T00:22:09.979-05:00  INFO 7552 --- [main] w.s.c.ServletWebServerApplicationContext : Root WebApplicationContext: initialization completed in 1932 ms
2025-02-03T00:22:10.273-05:00  INFO 7552 --- [main] o.hibernate.jpa.internal.util.LogHelper  : HHH000204: Processing PersistenceUnitInfo [name: default]
2025-02-03T00:22:10.355-05:00  INFO 7552 --- [main] org.hibernate.Version                    : HHH000412: Hibernate ORM core version 6.6.5.Final
2025-02-03T00:22:10.401-05:00  INFO 7552 --- [main] o.h.c.internal.RegionFactoryInitiator    : HHH000026: Second-level cache disabled
2025-02-03T00:22:10.734-05:00  INFO 7552 --- [main] o.s.o.j.p.SpringPersistenceUnitInfo      : No LoadTimeWeaver setup: ignoring JPA class transformer
2025-02-03T00:22:10.760-05:00  INFO 7552 --- [main] com.zaxxer.hikari.HikariDataSource       : HikariCP - Starting...
2025-02-03T00:22:11.202-05:00  INFO 7552 --- [main] com.zaxxer.hikari.pool.HikariPool        : HikariCP - Added connection com.mysql.cj.jdbc.ConnectionImpl@797f97e3
2025-02-03T00:22:11.206-05:00  INFO 7552 --- [main] com.zaxxer.hikari.HikariDataSource       : HikariCP - Start completed.
2025-02-03T00:22:11.289-05:00  WARN 7552 --- [main] org.hibernate.orm.deprecation            : HHH90000025: MySQLDialect does not need to be specified explicitly using 'hibernate.dialect' (remove the property setting and it will be selected by default)
2025-02-03T00:22:11.310-05:00  INFO 7552 --- [main] org.hibernate.orm.connections.pooling    : HHH10001005: Database info:
	Database JDBC URL [Connecting through datasource 'HikariDataSource (HikariCP)']
	Database driver: undefined/unknown
	Database version: 9.1
	Autocommit mode: undefined/unknown
	Isolation level: undefined/unknown
	Minimum pool size: undefined/unknown
	Maximum pool size: undefined/unknown
2025-02-03T00:22:11.991-05:00  INFO 7552 --- [main] o.h.e.t.j.p.i.JtaPlatformInitiator       : HHH000489: No JTA platform available (set 'hibernate.transaction.jta.platform' to enable JTA platform integration)
2025-02-03T00:22:12.046-05:00  INFO 7552 --- [main] j.LocalContainerEntityManagerFactoryBean : Initialized JPA EntityManagerFactory for persistence unit 'default'
2025-02-03T00:22:12.630-05:00  WARN 7552 --- [main] JpaBaseConfiguration$JpaWebConfiguration : spring.jpa.open-in-view is enabled by default. Therefore, database queries may be performed during view rendering. Explicitly configure spring.jpa.open-in-view to disable this warning
2025-02-03T00:22:12.805-05:00 DEBUG 7552 --- [main] s.w.s.m.m.a.RequestMappingHandlerMapping : 5 mappings in 'requestMappingHandlerMapping'
2025-02-03T00:22:12.976-05:00 DEBUG 7552 --- [main] o.s.w.s.handler.SimpleUrlHandlerMapping  : Patterns [/webjars/**, /**] in 'resourceHandlerMapping'
2025-02-03T00:22:13.040-05:00 DEBUG 7552 --- [main] s.w.s.m.m.a.RequestMappingHandlerAdapter : ControllerAdvice beans: 0 @ModelAttribute, 0 @InitBinder, 1 RequestBodyAdvice, 1 ResponseBodyAdvice
2025-02-03T00:22:13.125-05:00 DEBUG 7552 --- [main] .m.m.a.ExceptionHandlerExceptionResolver : ControllerAdvice beans: 0 @ExceptionHandler, 1 ResponseBodyAdvice
2025-02-03T00:22:13.334-05:00  INFO 7552 --- [main] o.s.b.w.embedded.tomcat.TomcatWebServer  : Tomcat started on port 8080 (http) with context path '/'
2025-02-03T00:22:13.348-05:00  INFO 7552 --- [main] c.e.assignment.AssignmentApplication     : Started AssignmentApplication in 5.899 seconds (process running for 6.283)
2025-02-03T00:23:04.258-05:00  INFO 7552 --- [http-nio-8080-exec-3] o.a.c.c.C.[Tomcat].[localhost].[/]       : Initializing Spring DispatcherServlet 'dispatcherServlet'
2025-02-03T00:23:04.259-05:00  INFO 7552 --- [http-nio-8080-exec-3] o.s.web.servlet.DispatcherServlet        : Initializing Servlet 'dispatcherServlet'
2025-02-03T00:23:04.259-05:00 DEBUG 7552 --- [http-nio-8080-exec-3] o.s.web.servlet.DispatcherServlet        : Detected StandardServletMultipartResolver
2025-02-03T00:23:04.259-05:00 DEBUG 7552 --- [http-nio-8080-exec-3] o.s.web.servlet.DispatcherServlet        : Detected AcceptHeaderLocaleResolver
2025-02-03T00:23:04.260-05:00 DEBUG 7552 --- [http-nio-8080-exec-3] o.s.web.servlet.DispatcherServlet        : Detected FixedThemeResolver
2025-02-03T00:23:04.262-05:00 DEBUG 7552 --- [http-nio-8080-exec-3] o.s.web.servlet.DispatcherServlet        : Detected org.springframework.web.servlet.view.DefaultRequestToViewNameTranslator@4629dde5
2025-02-03T00:23:04.263-05:00 DEBUG 7552 --- [http-nio-8080-exec-3] o.s.web.servlet.DispatcherServlet        : Detected org.springframework.web.servlet.support.SessionFlashMapManager@1256925b
2025-02-03T00:23:04.264-05:00 DEBUG 7552 --- [http-nio-8080-exec-3] o.s.web.servlet.DispatcherServlet        : enableLoggingRequestDetails='false': request parameters and headers will be masked to prevent unsafe logging of potentially sensitive data
2025-02-03T00:23:04.264-05:00  INFO 7552 --- [http-nio-8080-exec-3] o.s.web.servlet.DispatcherServlet        : Completed initialization in 5 ms
2025-02-03T00:23:04.282-05:00 DEBUG 7552 --- [http-nio-8080-exec-3] o.s.web.servlet.DispatcherServlet        : GET "/api/users?page=0", parameters={masked}
2025-02-03T00:23:04.301-05:00 DEBUG 7552 --- [http-nio-8080-exec-3] s.w.s.m.m.a.RequestMappingHandlerMapping : Mapped to com.example.assignment.controller.UserController#getUsers(int)
2025-02-03T00:23:04.359-05:00  INFO 7552 --- [http-nio-8080-exec-3] c.e.assignment.config.LoggingAspect      : Request: UserController.getUsers(..)
2025-02-03T00:23:04.713-05:00  INFO 7552 --- [http-nio-8080-exec-3] c.e.assignment.config.LoggingAspect      : Response: [com.example.assignment.model.User@21afc12d]
2025-02-03T00:23:04.783-05:00 DEBUG 7552 --- [http-nio-8080-exec-3] m.m.a.RequestResponseBodyMethodProcessor : Using 'application/json', given [*/*] and supported [application/json, application/*+json]
2025-02-03T00:23:04.787-05:00 DEBUG 7552 --- [http-nio-8080-exec-3] m.m.a.RequestResponseBodyMethodProcessor : Writing [[com.example.assignment.model.User@21afc12d]]
2025-02-03T00:23:04.851-05:00 DEBUG 7552 --- [http-nio-8080-exec-3] o.s.web.servlet.DispatcherServlet        : Completed 200 OK
2025-02-03T00:24:05.759-05:00 DEBUG 7552 --- [http-nio-8080-exec-6] o.s.web.servlet.DispatcherServlet        : PUT "/api/users/1", parameters={}
2025-02-03T00:24:05.760-05:00 DEBUG 7552 --- [http-nio-8080-exec-6] s.w.s.m.m.a.RequestMappingHandlerMapping : Mapped to com.example.assignment.controller.UserController#updateUser(Long, User)
2025-02-03T00:24:05.837-05:00 DEBUG 7552 --- [http-nio-8080-exec-6] m.m.a.RequestResponseBodyMethodProcessor : Read "application/json;charset=UTF-8" to [com.example.assignment.model.User@6a11deb9]
2025-02-03T00:24:05.841-05:00  INFO 7552 --- [http-nio-8080-exec-6] c.e.assignment.config.LoggingAspect      : Request: UserController.updateUser(..)
2025-02-03T00:24:05.922-05:00  INFO 7552 --- [http-nio-8080-exec-6] c.e.assignment.config.LoggingAspect      : Response: com.example.assignment.model.User@3b6f5f95
2025-02-03T00:24:05.924-05:00 DEBUG 7552 --- [http-nio-8080-exec-6] m.m.a.RequestResponseBodyMethodProcessor : Using 'application/json', given [*/*] and supported [application/json, application/*+json]
2025-02-03T00:24:05.925-05:00 DEBUG 7552 --- [http-nio-8080-exec-6] m.m.a.RequestResponseBodyMethodProcessor : Writing [com.example.assignment.model.User@3b6f5f95]
2025-02-03T00:24:05.927-05:00 DEBUG 7552 --- [http-nio-8080-exec-6] o.s.web.servlet.DispatcherServlet        : Completed 200 OK
2025-02-03T00:24:37.863-05:00 DEBUG 7552 --- [http-nio-8080-exec-8] o.s.web.servlet.DispatcherServlet        : GET "/api/users", parameters={}
2025-02-03T00:24:37.864-05:00 DEBUG 7552 --- [http-nio-8080-exec-8] s.w.s.m.m.a.RequestMappingHandlerMapping : Mapped to com.example.assignment.controller.UserController#getUsers(int)
2025-02-03T00:24:37.865-05:00  INFO 7552 --- [http-nio-8080-exec-8] c.e.assignment.config.LoggingAspect      : Request: UserController.getUsers(..)
2025-02-03T00:24:37.875-05:00  INFO 7552 --- [http-nio-8080-exec-8] c.e.assignment.config.LoggingAspect      : Response: [com.example.assignment.model.User@7ac11e06]
2025-02-03T00:24:37.876-05:00 DEBUG 7552 --- [http-nio-8080-exec-8] m.m.a.RequestResponseBodyMethodProcessor : Using 'application/json', given [*/*] and supported [application/json, application/*+json]
2025-02-03T00:24:37.877-05:00 DEBUG 7552 --- [http-nio-8080-exec-8] m.m.a.RequestResponseBodyMethodProcessor : Writing [[com.example.assignment.model.User@7ac11e06]]
2025-02-03T00:24:37.880-05:00 DEBUG 7552 --- [http-nio-8080-exec-8] o.s.web.servlet.DispatcherServlet        : Completed 200 OK
